<?xml version='1.0' encoding='UTF-8'?>
<testsuite hostname="DESKTOP-5B0L8DV" name="SensorStatisticsTest" tests="4" errors="0" failures="0" skipped="0" time="0.984" timestamp="2023-01-27T16:50:20">
          <properties>
[...]
</properties>
          <testcase classname="SensorStatisticsTest" name="getCSVFiles should return an array of CSV files in the given directory" time="0.955">
                      
                    </testcase><testcase classname="SensorStatisticsTest" name="getCSVFiles should return null if the given path is not a valid directory" time="0.007">
                      
                    </testcase><testcase classname="SensorStatisticsTest" name="getCSVFiles should return null if there are no CSV files in the given directory" time="0.003">
                      
                    </testcase><testcase classname="SensorStatisticsTest" name="doStatistics should return correct statistics for sensor data" time="0.019">
                      
                    </testcase>
          <system-out><![CDATA[]]></system-out>
          <system-err><![CDATA[]]></system-err>
        </testsuite>